MONAI version: 1.3.2
Numpy version: 1.26.0
Pytorch version: 2.4.0+cu124
MONAI flags: HAS_EXT = False, USE_COMPILED = False, USE_META_DICT = False
MONAI rev id: 59a7211070538586369afd4a01eca0a7fe2e742e
MONAI __file__: /home/<username>/miniconda3/lib/python3.12/site-packages/monai/__init__.py

Optional dependencies:
Pytorch Ignite version: 0.4.11
ITK version: 5.4.0
Nibabel version: 5.2.1
scikit-image version: 0.24.0
scipy version: 1.14.0
Pillow version: 10.2.0
Tensorboard version: 2.17.0
gdown version: 5.2.0
TorchVision version: 0.19.0+cu124
tqdm version: 4.66.5
lmdb version: 1.5.1
psutil version: 6.0.0
pandas version: 2.2.2
einops version: 0.8.0
transformers version: NOT INSTALLED or UNKNOWN VERSION.
mlflow version: 2.15.1
pynrrd version: 1.0.0
clearml version: 1.16.3

For details about installing the optional dependencies, please visit:
    https://docs.monai.io/en/latest/installation.html#installing-the-recommended-dependencies

161 18
check data torch.Size([1, 2, 256, 192, 32]) tensor([0])
----------
epoch 1/300
epoch 1 average loss: 0.7088, learning rate 0.000265
----------
epoch 2/300
epoch 2 average loss: 0.7383, learning rate 0.00043
----------
epoch 3/300
epoch 3 average loss: 0.7669, learning rate 0.000595
----------
epoch 4/300
