MONAI version: 1.3.2
Numpy version: 1.26.0
Pytorch version: 2.4.0+cu124
MONAI flags: HAS_EXT = False, USE_COMPILED = False, USE_META_DICT = False
MONAI rev id: 59a7211070538586369afd4a01eca0a7fe2e742e
MONAI __file__: /home/<username>/miniconda3/lib/python3.12/site-packages/monai/__init__.py

Optional dependencies:
Pytorch Ignite version: 0.4.11
ITK version: 5.4.0
Nibabel version: 5.2.1
scikit-image version: 0.24.0
scipy version: 1.14.0
Pillow version: 10.2.0
Tensorboard version: 2.17.0
gdown version: 5.2.0
TorchVision version: 0.19.0+cu124
tqdm version: 4.66.5
lmdb version: 1.5.1
psutil version: 6.0.0
pandas version: 2.2.2
einops version: 0.8.0
transformers version: NOT INSTALLED or UNKNOWN VERSION.
mlflow version: 2.15.1
pynrrd version: 1.0.0
clearml version: 1.16.3

For details about installing the optional dependencies, please visit:
    https://docs.monai.io/en/latest/installation.html#installing-the-recommended-dependencies

161 18
check data torch.Size([1, 2, 256, 192, 32]) tensor([0])
----------
epoch 1/300
epoch 1 average loss: 1.7914, learning rate 0.000265
----------
epoch 2/300
epoch 2 average loss: 2.1990, learning rate 0.00043
----------
epoch 3/300
epoch 3 average loss: 2.0170, learning rate 0.000595
----------
epoch 4/300
epoch 4 average loss: 2.9165, learning rate 0.00076
----------
epoch 5/300
epoch 5 average loss: 2.6555, learning rate 0.000925
current epoch: 5 current accuracy: 0.4444 current AUC: 0.4750 current loss : 0.7496 ,best accuracy: 0.4444 at epoch 5
----------
epoch 6/300
epoch 6 average loss: 1.9934, learning rate 0.00109
----------
epoch 7/300
epoch 7 average loss: 1.6879, learning rate 0.001255
----------
epoch 8/300
epoch 8 average loss: 2.1327, learning rate 0.00142
----------
epoch 9/300
epoch 9 average loss: 1.9648, learning rate 0.001585
----------
epoch 10/300
epoch 10 average loss: 2.1073, learning rate 0.00175
current epoch: 10 current accuracy: 0.5556 current AUC: 0.5625 current loss : 0.6636 ,best accuracy: 0.5556 at epoch 10
----------
epoch 11/300
epoch 11 average loss: 2.2352, learning rate 0.001915
----------
epoch 12/300
epoch 12 average loss: 1.7706, learning rate 0.0020800000000000003
----------
epoch 13/300
epoch 13 average loss: 1.6351, learning rate 0.002245
----------
epoch 14/300
epoch 14 average loss: 1.7696, learning rate 0.0024100000000000002
----------
epoch 15/300
epoch 15 average loss: 2.1343, learning rate 0.002575
current epoch: 15 current accuracy: 0.4444 current AUC: 0.5500 current loss : 0.7460 ,best accuracy: 0.5556 at epoch 10
----------
epoch 16/300
epoch 16 average loss: 1.6141, learning rate 0.00274
----------
epoch 17/300
epoch 17 average loss: 1.2752, learning rate 0.002905
----------
epoch 18/300
epoch 18 average loss: 1.4774, learning rate 0.0030700000000000002
----------
epoch 19/300
epoch 19 average loss: 1.5984, learning rate 0.0032350000000000005
----------
epoch 20/300
epoch 20 average loss: 1.8249, learning rate 0.0034000000000000002
current epoch: 20 current accuracy: 0.4444 current AUC: 0.8875 current loss : 0.7808 ,best accuracy: 0.5556 at epoch 10
----------
epoch 21/300
epoch 21 average loss: 1.5314, learning rate 0.003565
----------
epoch 22/300
epoch 22 average loss: 1.6831, learning rate 0.00373
----------
epoch 23/300
epoch 23 average loss: 1.7432, learning rate 0.0038950000000000005
----------
epoch 24/300
epoch 24 average loss: 1.2346, learning rate 0.00406
----------
epoch 25/300
epoch 25 average loss: 1.7796, learning rate 0.0042250000000000005
current epoch: 25 current accuracy: 0.5556 current AUC: 0.6094 current loss : 1.7296 ,best accuracy: 0.5556 at epoch 10
----------
epoch 26/300
epoch 26 average loss: 1.7538, learning rate 0.00439
----------
epoch 27/300
epoch 27 average loss: 1.2927, learning rate 0.004555
----------
epoch 28/300
epoch 28 average loss: 1.6817, learning rate 0.00472
----------
epoch 29/300
epoch 29 average loss: 1.1641, learning rate 0.0048850000000000005
----------
epoch 30/300
epoch 30 average loss: 1.4535, learning rate 0.005050000000000001
current epoch: 30 current accuracy: 0.5000 current AUC: 0.6625 current loss : 1.3902 ,best accuracy: 0.5556 at epoch 10
----------
epoch 31/300
epoch 31 average loss: 1.3401, learning rate 0.005215
----------
epoch 32/300
