IMG的长: 150，宽: 672，高: 672
ROI文件: 0ROI.nii
ROI的长: 14，宽: 40，高: 35
保存裁剪后的图像: ./cropped_output/徐慧贞 78417739/0ROI.nii_cropped.nii

IMG的长: 352，宽: 512，高: 512
ROI文件: 0ROI.nii
ROI的长: 33，宽: 27，高: 23
保存裁剪后的图像: ./cropped_output/丁享俐 70389000/0ROI.nii_cropped.nii

IMG的长: 140，宽: 672，高: 672
ROI文件: 0ROI.nii
ROI的长: 7，宽: 31，高: 10
保存裁剪后的图像: ./cropped_output/严珺 74487596/0ROI.nii_cropped.nii

IMG的长: 150，宽: 672，高: 672
ROI文件: 0ROI.nii
ROI的长: 8，宽: 13，高: 17
保存裁剪后的图像: ./cropped_output/刘庆华 71059870/0ROI.nii_cropped.nii

IMG的长: 140，宽: 672，高: 672
ROI文件: 0ROI.nii
ROI的长: 6，宽: 25，高: 9
保存裁剪后的图像: ./cropped_output/刘艳 78266001/0ROI.nii_cropped.nii

IMG的长: 150，宽: 672，高: 672
ROI文件: 0ROI.nii
ROI的长: 7，宽: 39，高: 17
保存裁剪后的图像: ./cropped_output/叶觉蕾 70312020/0ROI.nii_cropped.nii

IMG的长: 150，宽: 672，高: 672
ROI文件: 0ROI.nii
ROI的长: 13，宽: 23，高: 27
保存裁剪后的图像: ./cropped_output/吴丹 80855820/0ROI.nii_cropped.nii

IMG的长: 150，宽: 672，高: 672
ROI文件: 0ROI.nii
ROI的长: 29，宽: 80，高: 52
保存裁剪后的图像: ./cropped_output/周业花 76386010/0ROI.nii_cropped.nii

IMG的长: 150，宽: 672，高: 672
ROI文件: 0ROI.nii
ROI的长: 9，宽: 16，高: 14
保存裁剪后的图像: ./cropped_output/周孟响 80402215/0ROI.nii_cropped.nii

IMG的长: 150，宽: 672，高: 672
ROI文件: 0ROI.nii
ROI的长: 17，宽: 42，高: 30
保存裁剪后的图像: ./cropped_output/周雯倩 70171966/0ROI.nii_cropped.nii

IMG的长: 150，宽: 672，高: 672
ROI文件: 0ROI.nii
ROI的长: 9，宽: 30，高: 30
保存裁剪后的图像: ./cropped_output/唐春芳 70871065/0ROI.nii_cropped.nii

IMG的长: 150，宽: 672，高: 672
ROI文件: 0ROI.nii
ROI的长: 6，宽: 16，高: 16
保存裁剪后的图像: ./cropped_output/孙和平 70603871/0ROI.nii_cropped.nii

IMG的长: 150，宽: 672，高: 672
ROI文件: 0ROI 1.nii
ROI的长: 15，宽: 37，高: 35
保存裁剪后的图像: ./cropped_output/张嘉妹 70008414/0ROI 1.nii_cropped.nii

ROI文件: 0ROI 2.nii
ROI的长: 6，宽: 21，高: 21
保存裁剪后的图像: ./cropped_output/张嘉妹 70008414/0ROI 2.nii_cropped.nii

IMG的长: 150，宽: 672，高: 672
ROI文件: 0ROI.nii
ROI的长: 20，宽: 52，高: 27
保存裁剪后的图像: ./cropped_output/张晓佩 70751402/0ROI.nii_cropped.nii

IMG的长: 150，宽: 672，高: 672
ROI文件: 0ROI.nii
ROI的长: 7，宽: 17，高: 12
保存裁剪后的图像: ./cropped_output/张晓霞 80934289/0ROI.nii_cropped.nii

IMG的长: 150，宽: 672，高: 672
ROI文件: 0ROI 1.nii
ROI的长: 9，宽: 32，高: 15
保存裁剪后的图像: ./cropped_output/张欢 75696669/0ROI 1.nii_cropped.nii

ROI文件: 0ROI 2.nii
ROI的长: 12，宽: 26，高: 18
保存裁剪后的图像: ./cropped_output/张欢 75696669/0ROI 2.nii_cropped.nii

IMG的长: 150，宽: 672，高: 672
ROI文件: 0ROI 1.nii
ROI的长: 15，宽: 24，高: 27
保存裁剪后的图像: ./cropped_output/张燕 77353417/0ROI 1.nii_cropped.nii

ROI文件: 0ROI 2.nii
ROI的长: 9，宽: 15，高: 10
保存裁剪后的图像: ./cropped_output/张燕 77353417/0ROI 2.nii_cropped.nii

IMG的长: 150，宽: 672，高: 672
ROI文件: 0ROI.nii
ROI的长: 11，宽: 16，高: 11
保存裁剪后的图像: ./cropped_output/张秋红 80441926/0ROI.nii_cropped.nii

IMG的长: 150，宽: 672，高: 672
ROI文件: 0ROI.nii
ROI的长: 11，宽: 31，高: 14
保存裁剪后的图像: ./cropped_output/张菊芬 72394960/0ROI.nii_cropped.nii

IMG的长: 150，宽: 672，高: 672
ROI文件: 0ROI.nii
ROI的长: 5，宽: 10，高: 9
保存裁剪后的图像: ./cropped_output/徐翠英 70653352/0ROI.nii_cropped.nii

IMG的长: 150，宽: 672，高: 672
ROI文件: 0ROI.nii
ROI的长: 15，宽: 29，高: 28
保存裁剪后的图像: ./cropped_output/戴海芝 80519352/0ROI.nii_cropped.nii

IMG的长: 150，宽: 672，高: 672
ROI文件: 0ROI 1.nii
ROI的长: 13，宽: 28，高: 20
保存裁剪后的图像: ./cropped_output/曲敏 79678987/0ROI 1.nii_cropped.nii

ROI文件: 0ROI 2.nii
ROI的长: 18，宽: 59，高: 51
保存裁剪后的图像: ./cropped_output/曲敏 79678987/0ROI 2.nii_cropped.nii

IMG的长: 150，宽: 672，高: 672
ROI文件: 0ROI.nii
ROI的长: 18，宽: 38，高: 31
保存裁剪后的图像: ./cropped_output/朱敏彦 78761694/0ROI.nii_cropped.nii

IMG的长: 150，宽: 672，高: 672
ROI文件: 0ROI.nii
ROI的长: 6，宽: 14，高: 13
保存裁剪后的图像: ./cropped_output/朱春花 79325750/0ROI.nii_cropped.nii

IMG的长: 150，宽: 672，高: 672
ROI文件: 0ROI 1.nii
ROI的长: 9，宽: 21，高: 15
保存裁剪后的图像: ./cropped_output/朱淑菲 79362726/0ROI 1.nii_cropped.nii

ROI文件: 0ROI 2.nii
ROI的长: 5，宽: 15，高: 7
保存裁剪后的图像: ./cropped_output/朱淑菲 79362726/0ROI 2.nii_cropped.nii

IMG的长: 150，宽: 672，高: 672
ROI文件: 0ROI 2.nii
ROI的长: 10，宽: 20，高: 10
保存裁剪后的图像: ./cropped_output/朱玉芝 70113976/0ROI 2.nii_cropped.nii

ROI文件: 0ROI.nii
ROI的长: 16，宽: 38，高: 20
保存裁剪后的图像: ./cropped_output/朱玉芝 70113976/0ROI.nii_cropped.nii

IMG的长: 150，宽: 672，高: 672
ROI文件: 0ROI.nii
ROI的长: 7，宽: 24，高: 17
保存裁剪后的图像: ./cropped_output/朱训华 71144588/0ROI.nii_cropped.nii

IMG的长: 220，宽: 432，高: 432
ROI文件: 0ROI.nii
ROI的长: 22，宽: 18，高: 21
保存裁剪后的图像: ./cropped_output/李多素 81043645/0ROI.nii_cropped.nii

IMG的长: 220，宽: 432，高: 432
ROI文件: 0ROI 1.nii
ROI的长: 31，宽: 41，高: 11
保存裁剪后的图像: ./cropped_output/李珍弟 81110425/0ROI 1.nii_cropped.nii

ROI文件: 0ROI 2.nii
ROI的长: 13，宽: 9，高: 6
保存裁剪后的图像: ./cropped_output/李珍弟 81110425/0ROI 2.nii_cropped.nii

IMG的长: 150，宽: 672，高: 672
ROI文件: 0ROI 1.nii
ROI的长: 28，宽: 31，高: 48
保存裁剪后的图像: ./cropped_output/杜鹃 71225540/0ROI 1.nii_cropped.nii

ROI文件: 0ROI 2.nii
ROI的长: 6，宽: 11，高: 10
保存裁剪后的图像: ./cropped_output/杜鹃 71225540/0ROI 2.nii_cropped.nii

IMG的长: 150，宽: 672，高: 672
ROI文件: 0ROI.nii
ROI的长: 11，宽: 25，高: 12
保存裁剪后的图像: ./cropped_output/杨红亚 80321984/0ROI.nii_cropped.nii

IMG的长: 150，宽: 672，高: 672
ROI文件: 0ROI.nii
ROI的长: 12，宽: 29，高: 14
保存裁剪后的图像: ./cropped_output/沈慧燕 73660910/0ROI.nii_cropped.nii

IMG的长: 150，宽: 672，高: 672
ROI文件: 0ROI 1.nii
ROI的长: 29，宽: 28，高: 29
保存裁剪后的图像: ./cropped_output/沈敏志 70210100/0ROI 1.nii_cropped.nii

ROI文件: 0ROI 2.nii
ROI的长: 30，宽: 15，高: 14
保存裁剪后的图像: ./cropped_output/沈敏志 70210100/0ROI 2.nii_cropped.nii

IMG的长: 130，宽: 672，高: 672
ROI文件: 0ROI 1.nii
ROI的长: 9，宽: 18，高: 15
保存裁剪后的图像: ./cropped_output/潘文嘉 74739828/0ROI 1.nii_cropped.nii

ROI文件: 0ROI 2.nii
ROI的长: 16，宽: 45，高: 31
保存裁剪后的图像: ./cropped_output/潘文嘉 74739828/0ROI 2.nii_cropped.nii

IMG的长: 150，宽: 576，高: 576
ROI文件: 0ROI.nii
ROI的长: 11，宽: 10，高: 6
保存裁剪后的图像: ./cropped_output/王伟 70956288/0ROI.nii_cropped.nii

IMG的长: 150，宽: 576，高: 576
ROI文件: 0ROI.nii
ROI的长: 12，宽: 17，高: 14
保存裁剪后的图像: ./cropped_output/王明星 76516255/0ROI.nii_cropped.nii

IMG的长: 150，宽: 672，高: 672
ROI文件: 0ROI 1.nii
ROI的长: 18，宽: 32，高: 34
保存裁剪后的图像: ./cropped_output/莫文静 70007074/0ROI 1.nii_cropped.nii

ROI文件: 0ROI 2.nii
ROI的长: 9，宽: 26，高: 20
保存裁剪后的图像: ./cropped_output/莫文静 70007074/0ROI 2.nii_cropped.nii

IMG的长: 220，宽: 432，高: 432
ROI文件: 0ROI .nii
ROI的长: 12，宽: 18，高: 8
保存裁剪后的图像: ./cropped_output/袁文蔚 79973069/0ROI .nii_cropped.nii

IMG的长: 130，宽: 672，高: 672
ROI文件: 0ROI.nii
ROI的长: 18，宽: 29，高: 30
保存裁剪后的图像: ./cropped_output/赵俊 71068984/0ROI.nii_cropped.nii

IMG的长: 150，宽: 672，高: 672
ROI文件: 0ROI.nii
ROI的长: 13，宽: 45，高: 20
保存裁剪后的图像: ./cropped_output/郑士美 80062332/0ROI.nii_cropped.nii

IMG的长: 150，宽: 672，高: 672
ROI文件: 0ROI 1.nii
ROI的长: 7，宽: 14，高: 17
保存裁剪后的图像: ./cropped_output/郑旭珏 70444419/0ROI 1.nii_cropped.nii

ROI文件: 0ROI 2.nii
ROI的长: 9，宽: 12，高: 12
保存裁剪后的图像: ./cropped_output/郑旭珏 70444419/0ROI 2.nii_cropped.nii

IMG的长: 150，宽: 672，高: 672
ROI文件: 0ROI.nii
ROI的长: 11，宽: 18，高: 24
保存裁剪后的图像: ./cropped_output/钱婷 73795919/0ROI.nii_cropped.nii

IMG的长: 150，宽: 672，高: 672
ROI文件: 0ROI 2.nii
ROI的长: 5，宽: 10，高: 10
保存裁剪后的图像: ./cropped_output/钱蓉玲 70097294/0ROI 2.nii_cropped.nii

ROI文件: 0ROI.nii
ROI的长: 8，宽: 14，高: 11
保存裁剪后的图像: ./cropped_output/钱蓉玲 70097294/0ROI.nii_cropped.nii

IMG的长: 150，宽: 672，高: 672
ROI文件: 0ROI.nii
ROI的长: 32，宽: 69，高: 31
保存裁剪后的图像: ./cropped_output/陆小玲 78684449/0ROI.nii_cropped.nii

IMG的长: 150，宽: 672，高: 672
ROI文件: 0ROI.nii
ROI的长: 10，宽: 15，高: 14
保存裁剪后的图像: ./cropped_output/陆萍 70475152/0ROI.nii_cropped.nii

IMG的长: 150，宽: 672，高: 672
ROI文件: 0ROI.nii
ROI的长: 9，宽: 17，高: 21
保存裁剪后的图像: ./cropped_output/陈军美 70642874/0ROI.nii_cropped.nii

IMG的长: 150，宽: 672，高: 672
ROI文件: 0ROI 1.nii
ROI的长: 15，宽: 28，高: 18
保存裁剪后的图像: ./cropped_output/陈潇潇 77008362/0ROI 1.nii_cropped.nii

ROI文件: 1ROI 2.nii
ROI的长: 23，宽: 65，高: 53
保存裁剪后的图像: ./cropped_output/陈潇潇 77008362/1ROI 2.nii_cropped.nii

IMG的长: 150，宽: 672，高: 672
ROI文件: 0ROI.nii
ROI的长: 5，宽: 13，高: 9
保存裁剪后的图像: ./cropped_output/陈爱华 73271390/0ROI.nii_cropped.nii

IMG的长: 150，宽: 672，高: 672
ROI文件: 0ROI 1.nii
ROI的长: 8，宽: 20，高: 14
保存裁剪后的图像: ./cropped_output/项秀和 80096288/0ROI 1.nii_cropped.nii

ROI文件: 0ROI 2.nii
ROI的长: 6，宽: 9，高: 7
保存裁剪后的图像: ./cropped_output/项秀和 80096288/0ROI 2.nii_cropped.nii

ROI文件: 0ROI 3.nii
ROI的长: 9，宽: 13，高: 12
保存裁剪后的图像: ./cropped_output/项秀和 80096288/0ROI 3.nii_cropped.nii

IMG的长: 150，宽: 672，高: 672
ROI文件: 1ROI.nii
ROI的长: 54，宽: 50，高: 82
保存裁剪后的图像: ./cropped_output/方梅华 71218352/1ROI.nii_cropped.nii

IMG的长: 150，宽: 672，高: 672
ROI文件: 1ROI1.nii
ROI的长: 8，宽: 11，高: 10
保存裁剪后的图像: ./cropped_output/瞿才芳 73531945/1ROI1.nii_cropped.nii

ROI文件: 1ROI2.nii
ROI的长: 6，宽: 13，高: 8
保存裁剪后的图像: ./cropped_output/瞿才芳 73531945/1ROI2.nii_cropped.nii

IMG的长: 352，宽: 512，高: 512
ROI文件: 1ROI.nii
ROI的长: 37，宽: 38，高: 28
保存裁剪后的图像: ./cropped_output/丁享俐 70389000/1ROI.nii_cropped.nii

ROI文件: 1ROI2.nii
ROI的长: 37，宽: 61，高: 44
保存裁剪后的图像: ./cropped_output/丁享俐 70389000/1ROI2.nii_cropped.nii

IMG的长: 150，宽: 672，高: 672
ROI文件: 1ROI1.nii
ROI的长: 25，宽: 43，高: 33
保存裁剪后的图像: ./cropped_output/乔琳  71656201/1ROI1.nii_cropped.nii

ROI文件: 1ROI2.nii
ROI的长: 16，宽: 27，高: 22
保存裁剪后的图像: ./cropped_output/乔琳  71656201/1ROI2.nii_cropped.nii

IMG的长: 150，宽: 672，高: 672
ROI文件: 1ROI.nii
ROI的长: 31，宽: 35，高: 59
保存裁剪后的图像: ./cropped_output/仲建 70431404/1ROI.nii_cropped.nii

IMG的长: 150，宽: 672，高: 672
ROI文件: 1ROI.nii
ROI的长: 26，宽: 72，高: 66
保存裁剪后的图像: ./cropped_output/余蕙萍 30091675/1ROI.nii_cropped.nii

IMG的长: 150，宽: 672，高: 672
ROI文件: 1ROI.nii
ROI的长: 5，宽: 26，高: 14
保存裁剪后的图像: ./cropped_output/余记 79684488/1ROI.nii_cropped.nii

IMG的长: 150，宽: 672，高: 672
ROI文件: 1ROI.nii
ROI的长: 94，宽: 151，高: 113
保存裁剪后的图像: ./cropped_output/倪云静 79516112/1ROI.nii_cropped.nii

IMG的长: 150，宽: 672，高: 672
ROI文件: 1ROI.nii
ROI的长: 7，宽: 19，高: 13
保存裁剪后的图像: ./cropped_output/倪静萍 79812685/1ROI.nii_cropped.nii

IMG的长: 150，宽: 672，高: 672
ROI文件: 1ROI.nii
ROI的长: 15，宽: 48，高: 23
保存裁剪后的图像: ./cropped_output/刘洁 78056044/1ROI.nii_cropped.nii

IMG的长: 150，宽: 672，高: 672
ROI文件: 1ROI1.nii
ROI的长: 7，宽: 12，高: 11
保存裁剪后的图像: ./cropped_output/刘淑芹 75982844 定位/1ROI1.nii_cropped.nii

ROI文件: 1ROI2.nii
ROI的长: 7，宽: 12，高: 7
保存裁剪后的图像: ./cropped_output/刘淑芹 75982844 定位/1ROI2.nii_cropped.nii

IMG的长: 150，宽: 672，高: 672
ROI文件: 1ROI.nii
ROI的长: 15，宽: 33，高: 34
保存裁剪后的图像: ./cropped_output/刘莉菊 72930801/1ROI.nii_cropped.nii

IMG的长: 150，宽: 672，高: 672
ROI文件: 1ROI.nii
ROI的长: 47，宽: 257，高: 122
保存裁剪后的图像: ./cropped_output/叶明凤 77868370/1ROI.nii_cropped.nii

IMG的长: 150，宽: 672，高: 672
ROI文件: 1ROI.nii
ROI的长: 24，宽: 25，高: 18
保存裁剪后的图像: ./cropped_output/叶梅 70480090/1ROI.nii_cropped.nii

IMG的长: 150，宽: 672，高: 672
ROI文件: 1ROI.nii
ROI的长: 17，宽: 52，高: 22
保存裁剪后的图像: ./cropped_output/叶觉蕾 70312020/1ROI.nii_cropped.nii

ROI文件: 1ROI1.nii
ROI的长: 16，宽: 50，高: 22
保存裁剪后的图像: ./cropped_output/叶觉蕾 70312020/1ROI1.nii_cropped.nii

ROI文件: 1ROI2.nii
ROI的长: 21，宽: 76，高: 39
保存裁剪后的图像: ./cropped_output/叶觉蕾 70312020/1ROI2.nii_cropped.nii

IMG的长: 150，宽: 672，高: 672
ROI文件: 1ROI.nii
ROI的长: 28，宽: 79，高: 74
保存裁剪后的图像: ./cropped_output/吴梅 71060453/1ROI.nii_cropped.nii

IMG的长: 150，宽: 672，高: 672
ROI文件: 1ROI.nii
ROI的长: 14，宽: 19，高: 16
保存裁剪后的图像: ./cropped_output/嵇春梅 70338355/1ROI.nii_cropped.nii

IMG的长: 150，宽: 672，高: 672
ROI文件: 1ROI.nii
ROI的长: 82，宽: 171，高: 152
保存裁剪后的图像: ./cropped_output/张美珠 79360286/1ROI.nii_cropped.nii

IMG的长: 150，宽: 672，高: 672
ROI文件: 1ROI.nii
ROI的长: 15，宽: 29，高: 32
保存裁剪后的图像: ./cropped_output/徐慧贞 78417739/1ROI.nii_cropped.nii

IMG的长: 150，宽: 672，高: 672
ROI文件: 1ROI.nii
ROI的长: 10，宽: 17，高: 22
保存裁剪后的图像: ./cropped_output/徐翠英 70653352/1ROI.nii_cropped.nii

IMG的长: 150，宽: 672，高: 672
ROI文件: 1ROI.nii
ROI的长: 7，宽: 17，高: 17
保存裁剪后的图像: ./cropped_output/方芳 79306569/1ROI.nii_cropped.nii

IMG的长: 150，宽: 672，高: 672
ROI文件: 1ROI.nii
ROI的长: 93，宽: 137，高: 162
保存裁剪后的图像: ./cropped_output/曹东红 80093414/1ROI.nii_cropped.nii

IMG的长: 150，宽: 672，高: 672
ROI文件: 1ROI.nii
ROI的长: 59，宽: 118，高: 100
保存裁剪后的图像: ./cropped_output/曹龙妹 79593014/1ROI.nii_cropped.nii

IMG的长: 150，宽: 672，高: 672
ROI文件: 1ROI1.nii
ROI的长: 16，宽: 32，高: 21
保存裁剪后的图像: ./cropped_output/曾志军 70452320/1ROI1.nii_cropped.nii

ROI文件: 1ROI2.nii
ROI的长: 10，宽: 34，高: 16
保存裁剪后的图像: ./cropped_output/曾志军 70452320/1ROI2.nii_cropped.nii

IMG的长: 150，宽: 672，高: 672
ROI文件: 1ROI 1.nii
ROI的长: 18，宽: 50，高: 34
保存裁剪后的图像: ./cropped_output/朱培华 79541873/1ROI 1.nii_cropped.nii

ROI文件: 1ROI 2.nii
ROI的长: 24，宽: 74，高: 41
保存裁剪后的图像: ./cropped_output/朱培华 79541873/1ROI 2.nii_cropped.nii

ROI文件: 1ROI.nii
ROI的长: 18，宽: 50，高: 34
保存裁剪后的图像: ./cropped_output/朱培华 79541873/1ROI.nii_cropped.nii

IMG的长: 150，宽: 672，高: 672
ROI文件: 1ROI.nii
ROI的长: 57，宽: 156，高: 82
保存裁剪后的图像: ./cropped_output/朱玉芝 70113976/1ROI.nii_cropped.nii

IMG的长: 150，宽: 672，高: 672
ROI文件: 1ROI1.nii
ROI的长: 21，宽: 33，高: 42
保存裁剪后的图像: ./cropped_output/朱素红 80652153/1ROI1.nii_cropped.nii

ROI文件: 1ROI2.nii
ROI的长: 13，宽: 29，高: 30
保存裁剪后的图像: ./cropped_output/朱素红 80652153/1ROI2.nii_cropped.nii

IMG的长: 150，宽: 672，高: 672
ROI文件: 1ROI.nii
ROI的长: 17，宽: 39，高: 35
保存裁剪后的图像: ./cropped_output/朱雪梅 79357091/1ROI.nii_cropped.nii

IMG的长: 150，宽: 672，高: 672
ROI文件: 1ROI.nii
ROI的长: 9，宽: 23，高: 28
保存裁剪后的图像: ./cropped_output/杨小萍 79537701/1ROI.nii_cropped.nii

IMG的长: 150，宽: 672，高: 672
ROI文件: 1ROI.nii
ROI的长: 36，宽: 87，高: 50
保存裁剪后的图像: ./cropped_output/杨晓兰 75678236/1ROI.nii_cropped.nii

IMG的长: 150，宽: 672，高: 672
ROI文件: 1ROI.nii
ROI的长: 53，宽: 82，高: 67
保存裁剪后的图像: ./cropped_output/杨琴霞 78417814/1ROI.nii_cropped.nii

IMG的长: 150，宽: 672，高: 672
ROI文件: 1ROI.nii
ROI的长: 9，宽: 14，高: 15
保存裁剪后的图像: ./cropped_output/杨红亚 80321984/1ROI.nii_cropped.nii

IMG的长: 150，宽: 672，高: 672
ROI文件: 1ROI.nii
ROI的长: 50，宽: 196，高: 119
保存裁剪后的图像: ./cropped_output/杨雪 80663948/1ROI.nii_cropped.nii

IMG的长: 150，宽: 672，高: 672
ROI文件: 1ROI.nii
ROI的长: 30，宽: 71，高: 62
保存裁剪后的图像: ./cropped_output/滕瑶华 70483735/1ROI.nii_cropped.nii

IMG的长: 150，宽: 672，高: 672
ROI文件: 1ROI.nii
ROI的长: 15，宽: 35，高: 22
保存裁剪后的图像: ./cropped_output/潘国秋 70794859/1ROI.nii_cropped.nii

IMG的长: 150，宽: 672，高: 672
ROI文件: 1ROI.nii
ROI的长: 13，宽: 25，高: 28
保存裁剪后的图像: ./cropped_output/熊永青 73830941/1ROI.nii_cropped.nii

IMG的长: 150，宽: 672，高: 672
ROI文件: 1ROI.nii
ROI的长: 37，宽: 155，高: 107
保存裁剪后的图像: ./cropped_output/王永萍 70438826/1ROI.nii_cropped.nii

IMG的长: 150，宽: 672，高: 672
ROI文件: 1ROI 2.nii
ROI的长: 12，宽: 43，高: 25
保存裁剪后的图像: ./cropped_output/石美云 70839024/1ROI 2.nii_cropped.nii

ROI文件: 1ROI.nii
ROI的长: 8，宽: 11，高: 12
保存裁剪后的图像: ./cropped_output/石美云 70839024/1ROI.nii_cropped.nii

ROI文件: 1ROI1.nii
ROI的长: 8，宽: 11，高: 12
保存裁剪后的图像: ./cropped_output/石美云 70839024/1ROI1.nii_cropped.nii

IMG的长: 150，宽: 672，高: 672
ROI文件: 1ROI.nii
ROI的长: 30，宽: 74，高: 38
保存裁剪后的图像: ./cropped_output/董坚静 78579859/1ROI.nii_cropped.nii

IMG的长: 150，宽: 672，高: 672
ROI文件: 1ROI.nii
ROI的长: 16，宽: 50，高: 34
保存裁剪后的图像: ./cropped_output/蒋雪妹 70118551/1ROI.nii_cropped.nii

IMG的长: 150，宽: 672，高: 672
ROI文件: 1ROI.nii
ROI的长: 32，宽: 65，高: 61
保存裁剪后的图像: ./cropped_output/蔡永芳 70126312/1ROI.nii_cropped.nii

IMG的长: 150，宽: 672，高: 672
ROI文件: 1ROI.nii
ROI的长: 9，宽: 15，高: 10
保存裁剪后的图像: ./cropped_output/许伟萍 70227356/1ROI.nii_cropped.nii

IMG的长: 150，宽: 672，高: 672
ROI文件: 1ROI.nii
ROI的长: 35，宽: 50，高: 54
保存裁剪后的图像: ./cropped_output/郑婉璐 71901206/1ROI.nii_cropped.nii

IMG的长: 150，宽: 672，高: 672
ROI文件: 1ROI1.nii
ROI的长: 13，宽: 29，高: 38
保存裁剪后的图像: ./cropped_output/郭凤英 79337006/1ROI1.nii_cropped.nii

ROI文件: 1ROI2.nii
ROI的长: 12，宽: 33，高: 30
保存裁剪后的图像: ./cropped_output/郭凤英 79337006/1ROI2.nii_cropped.nii

IMG的长: 150，宽: 672，高: 672
ROI文件: 1ROI 2.nii
ROI的长: 7，宽: 13，高: 12
保存裁剪后的图像: ./cropped_output/钱蓉玲 70097294/1ROI 2.nii_cropped.nii

ROI文件: 1ROI 3.nii
ROI的长: 9，宽: 26，高: 14
保存裁剪后的图像: ./cropped_output/钱蓉玲 70097294/1ROI 3.nii_cropped.nii

ROI文件: 1ROI 4.nii
ROI的长: 8，宽: 37，高: 22
保存裁剪后的图像: ./cropped_output/钱蓉玲 70097294/1ROI 4.nii_cropped.nii

ROI文件: 1ROI.nii
ROI的长: 24，宽: 54，高: 27
保存裁剪后的图像: ./cropped_output/钱蓉玲 70097294/1ROI.nii_cropped.nii

ROI文件: 1ROI1.nii
ROI的长: 13，宽: 35，高: 14
保存裁剪后的图像: ./cropped_output/钱蓉玲 70097294/1ROI1.nii_cropped.nii

ROI文件: 1ROI2.nii
ROI的长: 5，宽: 12，高: 9
保存裁剪后的图像: ./cropped_output/钱蓉玲 70097294/1ROI2.nii_cropped.nii

ROI文件: 1ROI3.nii
ROI的长: 7，宽: 22，高: 14
保存裁剪后的图像: ./cropped_output/钱蓉玲 70097294/1ROI3.nii_cropped.nii

ROI文件: 1ROI4.nii
ROI的长: 5，宽: 21，高: 11
保存裁剪后的图像: ./cropped_output/钱蓉玲 70097294/1ROI4.nii_cropped.nii

IMG的长: 150，宽: 672，高: 672
ROI文件: 1ROI.nii
ROI的长: 58，宽: 124，高: 95
保存裁剪后的图像: ./cropped_output/陆丽珠 79664840/1ROI.nii_cropped.nii

IMG的长: 150，宽: 672，高: 672
ROI文件: 1ROI1.nii
ROI的长: 5，宽: 8，高: 8
保存裁剪后的图像: ./cropped_output/陆雅 71194480/1ROI1.nii_cropped.nii

ROI文件: 1ROI2.nii
ROI的长: 5，宽: 7，高: 6
保存裁剪后的图像: ./cropped_output/陆雅 71194480/1ROI2.nii_cropped.nii

IMG的长: 150，宽: 672，高: 672
ROI文件: 1ROI.nii
ROI的长: 16，宽: 18，高: 11
保存裁剪后的图像: ./cropped_output/陆雅珍 70076814/1ROI.nii_cropped.nii

IMG的长: 150，宽: 672，高: 672
ROI文件: 1ROI 1.nii
ROI的长: 12，宽: 22，高: 18
保存裁剪后的图像: ./cropped_output/陈克恩 70334905/1ROI 1.nii_cropped.nii

ROI文件: 1ROI 2.nii
ROI的长: 15，宽: 28，高: 27
保存裁剪后的图像: ./cropped_output/陈克恩 70334905/1ROI 2.nii_cropped.nii

IMG的长: 150，宽: 784，高: 784
ROI文件: 1ROI.nii
ROI的长: 27，宽: 76，高: 56
保存裁剪后的图像: ./cropped_output/陈凤华 71372655/1ROI.nii_cropped.nii

IMG的长: 150，宽: 672，高: 672
ROI文件: 1ROI 1.nii
ROI的长: 42，宽: 119，高: 91
保存裁剪后的图像: ./cropped_output/陈淑云 80646772/1ROI 1.nii_cropped.nii

ROI文件: 1ROI 2.nii
ROI的长: 18，宽: 59，高: 27
保存裁剪后的图像: ./cropped_output/陈淑云 80646772/1ROI 2.nii_cropped.nii

ROI文件: 1ROI.nii
ROI的长: 42，宽: 119，高: 91
保存裁剪后的图像: ./cropped_output/陈淑云 80646772/1ROI.nii_cropped.nii

IMG的长: 150，宽: 672，高: 672
ROI文件: 1ROI.nii
ROI的长: 25，宽: 48，高: 45
保存裁剪后的图像: ./cropped_output/陈爱兰 70144593/1ROI.nii_cropped.nii

IMG的长: 150，宽: 672，高: 672
ROI文件: 1ROI.nii
ROI的长: 55，宽: 141，高: 113
保存裁剪后的图像: ./cropped_output/陈翠芹 79957616/1ROI.nii_cropped.nii

IMG的长: 150，宽: 672，高: 672
ROI文件: 1ROI.nii
ROI的长: 22，宽: 94，高: 59
保存裁剪后的图像: ./cropped_output/韩缓缓 79470383/1ROI.nii_cropped.nii

IMG的长: 150，宽: 672，高: 672
ROI文件: 1ROI 1.nii
ROI的长: 9，宽: 21，高: 11
保存裁剪后的图像: ./cropped_output/马小芬 70377402/1ROI 1.nii_cropped.nii

ROI文件: 1ROI 2.nii
ROI的长: 10，宽: 14，高: 12
保存裁剪后的图像: ./cropped_output/马小芬 70377402/1ROI 2.nii_cropped.nii

ROI文件: 1ROI 3.nii
ROI的长: 28，宽: 38，高: 26
保存裁剪后的图像: ./cropped_output/马小芬 70377402/1ROI 3.nii_cropped.nii

ROI文件: 1ROI.nii
ROI的长: 16，宽: 37，高: 25
保存裁剪后的图像: ./cropped_output/马小芬 70377402/1ROI.nii_cropped.nii

ROI文件: 1ROI1.nii
ROI的长: 8，宽: 14，高: 11
保存裁剪后的图像: ./cropped_output/马小芬 70377402/1ROI1.nii_cropped.nii

ROI文件: 1ROI2.nii
ROI的长: 9，宽: 19，高: 11
保存裁剪后的图像: ./cropped_output/马小芬 70377402/1ROI2.nii_cropped.nii

IMG的长: 150，宽: 672，高: 672
ROI文件: 1ROI.nii
ROI的长: 80，宽: 121，高: 122
保存裁剪后的图像: ./cropped_output/黄佩红 70082735/1ROI.nii_cropped.nii

IMG的长: 150，宽: 672，高: 672
